<?xml version="1.0" encoding="utf-8"?><TestRun id="6b7543be-486e-49f5-93f5-d68f0e6586fb" name="@db808e44309d 2018-05-28 10:28:44" xmlns="http://microsoft.com/schemas/VisualStudio/TeamTest/2010"><Times creation="2018-05-28T10:28:44.0322821+00:00" queuing="2018-05-28T10:28:44.0322901+00:00" start="2018-05-28T10:28:40.0151074+00:00" finish="2018-05-28T10:28:44.0535266+00:00" /><TestSettings name="default" id="f332ae31-a83e-4a50-be78-70478456237f"><Deployment runDeploymentRoot="_db808e44309d_2018-05-28_10_28_44" /></TestSettings><Results><UnitTestResult executionId="4629a66b-f497-4cd8-9158-14abb358e619" testId="def5134c-2930-446d-9dcc-670dad9dbc2d" testName="WebApi.Tests.BeersController_.Should_Return_A_List_Of_Beers" computerName="db808e44309d" duration="00:00:00.9560000" startTime="2018-05-28T10:28:43.8066683+00:00" endTime="2018-05-28T10:28:43.8066705+00:00" testType="13cdc9d9-ddb5-4fa4-a97d-d965ccfc6d4b" outcome="Passed" testListId="8c84fa94-04c1-424b-9868-57a2d4851a1d" relativeResultsDirectory="4629a66b-f497-4cd8-9158-14abb358e619" /></Results><TestDefinitions><UnitTest name="WebApi.Tests.BeersController_.Should_Return_A_List_Of_Beers" storage="/src/webapi.tests/bin/debug/netcoreapp2.0/webapi.tests.dll" id="def5134c-2930-446d-9dcc-670dad9dbc2d"><Execution id="4629a66b-f497-4cd8-9158-14abb358e619" /><TestMethod codeBase="/src/WebApi.Tests/bin/Debug/netcoreapp2.0/WebApi.Tests.dll" adapterTypeName="executor://xunit/VsTestRunner2/netcoreapp" className="WebApi.Tests.BeersController_" name="WebApi.Tests.BeersController_.Should_Return_A_List_Of_Beers" /></UnitTest></TestDefinitions><TestEntries><TestEntry testId="def5134c-2930-446d-9dcc-670dad9dbc2d" executionId="4629a66b-f497-4cd8-9158-14abb358e619" testListId="8c84fa94-04c1-424b-9868-57a2d4851a1d" /></TestEntries><TestLists><TestList name="Results Not in a List" id="8c84fa94-04c1-424b-9868-57a2d4851a1d" /><TestList name="All Loaded Results" id="19431567-8539-422a-85d7-44ee4e166bda" /></TestLists><ResultSummary outcome="Completed"><Counters total="1" executed="1" passed="1" failed="0" error="0" timeout="0" aborted="0" inconclusive="0" passedButRunAborted="0" notRunnable="0" notExecuted="0" disconnected="0" warning="0" completed="0" inProgress="0" pending="0" /><Output><StdOut>[xUnit.net 00:00:01.3033007]   Discovering: WebApi.Tests[xUnit.net 00:00:01.3656451]   Discovered:  WebApi.Tests[xUnit.net 00:00:01.3712926]   Starting:    WebApi.Tests[xUnit.net 00:00:02.5317537]   Finished:    WebApi.Tests</StdOut></Output></ResultSummary></TestRun>